[Fri Apr 15 2016 14:47:34 GMT-0700 (Pacific Daylight Time)] nicolas_nebel: bluebot hello
[Fri Apr 15 2016 14:47:40 GMT-0700 (Pacific Daylight Time)] nicolas_nebel: bluebot how are you
[Fri Apr 15 2016 15:25:10 GMT-0700 (Pacific Daylight Time)] nicolas_nebel: bluebot search logs hello
[Fri Apr 15 2016 15:26:13 GMT-0700 (Pacific Daylight Time)] nicolas_nebel: bluebot search logs hello
[Fri Apr 15 2016 15:34:43 GMT-0700 (Pacific Daylight Time)] nicolas_nebel: bluebot help
[Fri Apr 15 2016 15:35:05 GMT-0700 (Pacific Daylight Time)] nicolas_nebel: bluebot reload all scripts
[Fri Apr 15 2016 15:35:19 GMT-0700 (Pacific Daylight Time)] nicolas_nebel: bluebot search logs hello
[Fri Apr 15 2016 15:40:56 GMT-0700 (Pacific Daylight Time)] nicolas_nebel: bluebot search logs hello
[Fri Apr 15 2016 15:42:24 GMT-0700 (Pacific Daylight Time)] nicolas_nebel: bluebot search logs hello
[Fri Apr 15 2016 15:44:11 GMT-0700 (Pacific Daylight Time)] nicolas_nebel: bluebot search logs hello
[Fri Apr 15 2016 15:49:11 GMT-0700 (Pacific Daylight Time)] nicolas_nebel: bluebot search logs hello
[Fri Apr 15 2016 15:49:56 GMT-0700 (Pacific Daylight Time)] nicolas_nebel: bluebot search logs hello
[Fri Apr 15 2016 15:52:36 GMT-0700 (Pacific Daylight Time)] nicolas_nebel: bluebot search logs hello
[Fri Apr 15 2016 15:55:14 GMT-0700 (Pacific Daylight Time)] nicolas_nebel: bluebot search logs hello
[Fri Apr 15 2016 15:56:22 GMT-0700 (Pacific Daylight Time)] nicolas_nebel: bluebot search logs hello
[Fri Apr 15 2016 15:56:54 GMT-0700 (Pacific Daylight Time)] nicolas_nebel: bluebot search logs hello
[Fri Apr 15 2016 15:57:27 GMT-0700 (Pacific Daylight Time)] nicolas_nebel: bluebot search logs hello
[Fri Apr 15 2016 16:00:03 GMT-0700 (Pacific Daylight Time)] nicolas_nebel: bluebot search logs hello
[Fri Apr 15 2016 16:02:48 GMT-0700 (Pacific Daylight Time)] nicolas_nebel: bluebot search logs hello
[Fri Apr 15 2016 16:03:09 GMT-0700 (Pacific Daylight Time)] nicolas_nebel: bluebot `hello`
[Fri Apr 15 2016 16:03:15 GMT-0700 (Pacific Daylight Time)] nicolas_nebel: bluebot ```hello```
[Fri Apr 15 2016 16:03:48 GMT-0700 (Pacific Daylight Time)] nicolas_nebel: bluebot search logs hello
[Fri Apr 15 2016 16:10:10 GMT-0700 (Pacific Daylight Time)] nicolas_nebel: bluebot search logs hello
[Fri Apr 15 2016 16:11:04 GMT-0700 (Pacific Daylight Time)] nicolas_nebel: bluebot echo \n echo
[Fri Apr 15 2016 16:12:39 GMT-0700 (Pacific Daylight Time)] nicolas_nebel: bluebot search logs hello
[Fri Apr 15 2016 16:14:11 GMT-0700 (Pacific Daylight Time)] nicolas_nebel: bluebot search logs hello
[Fri Apr 15 2016 16:15:15 GMT-0700 (Pacific Daylight Time)] nicolas_nebel: bluebot search logs hello
[Fri Apr 15 2016 16:15:34 GMT-0700 (Pacific Daylight Time)] nicolas_nebel: bluebot efficient
[Fri Apr 15 2016 16:17:22 GMT-0700 (Pacific Daylight Time)] nicolas_nebel: bluebot search logs hello
[Fri Apr 15 2016 16:21:34 GMT-0700 (Pacific Daylight Time)] nicolas_nebel: bluebot search hello
[Fri Apr 15 2016 16:22:12 GMT-0700 (Pacific Daylight Time)] nicolas_nebel: bluebot search hello
[Fri Apr 15 2016 16:22:19 GMT-0700 (Pacific Daylight Time)] nicolas_nebel: bluebot search logs hello
[Fri Apr 15 2016 16:22:54 GMT-0700 (Pacific Daylight Time)] nicolas_nebel: bluebot search logs hello
[Fri Apr 15 2016 16:23:02 GMT-0700 (Pacific Daylight Time)] nicolas_nebel: bluebot search hello
